{
  "stats": {
    "suites": 2,
    "tests": 2,
    "passes": 1,
    "pending": 0,
    "failures": 1,
    "start": "2024-07-30T13:11:04.966Z",
    "end": "2024-07-30T13:12:40.213Z",
    "duration": 95247,
    "testsRegistered": 2,
    "passPercent": 50,
    "pendingPercent": 0,
    "other": 0,
    "hasOther": false,
    "skipped": 0,
    "hasSkipped": false
  },
  "results": [
    {
      "uuid": "9f7fdf0c-48ba-4dd4-bc98-9af532f113d4",
      "title": "",
      "fullFile": "cypress/e2e/Rakbank/db.cy.js",
      "file": "cypress/e2e/Rakbank/db.cy.js",
      "beforeHooks": [],
      "afterHooks": [],
      "tests": [],
      "suites": [
        {
          "uuid": "c6c8d929-050a-4cf7-83bf-6b489a65d467",
          "title": "Outer Rak Bank Digital Banking",
          "fullFile": "",
          "file": "",
          "beforeHooks": [],
          "afterHooks": [],
          "tests": [
            {
              "title": "passes",
              "fullTitle": "Outer Rak Bank Digital Banking passes",
              "timedOut": null,
              "duration": 27857,
              "state": "failed",
              "speed": null,
              "pass": false,
              "fail": true,
              "pending": false,
              "context": null,
              "code": "cy.visit(\"\");\ncy.get('[data-testid=\"username-input\"]').type('nandita12');\ncy.get('[data-testid=\"password-input\"]').type('rakbank123');\ncy.get('[data-testid=\"button-login\"]').click();\ncy.wait(20000);\n//cy.console(\"Clicked\")\n//cy.get('[data-testid=\"menu-expand-send-money\"]').click()\n// cy.get('[data-testid=\"menu-item-search\"] > div').click()\ncy.get('[data-testid=\"menu-expand-send-money\"]').click();\ncy.get('[data-testid=\"menu-link-send-internationally\"]').click();\ncy.wait(1000);\ncy.get('[data-testid=\"to-select\"]').click();\ncy.wait(2000);\ncy.get('#react-select-2-option-0').click();\n//cy.get('[data-testid=\"to-select\"]').select('react-select-2-option-0');\n//cy.get('#react-select-5-option-0').click()\ncy.get('[data-testid=\"from-select\"]').click();\ncy.wait(1000);\ncy.get('#react-select-3-option-0').click();\n//cy.get('[data-testid=\"button-next\"]').click()\ncy.get('[data-testid=\"remittingCurrency-select\"]').click();\n//cy.wait(1000)\n//cy.get('#react-select-5-option-0-0').click()\n//cy.get('[data-testid=\"beneficiaryCountry-select\"]').click()\ncy.wait(1000);\ncy.get('#react-select-4-input').type('AED');\ncy.wait(1000);\ncy.get('#react-select-4-option-0').click();\ncy.get('[data-testid=\"amount-input\"]').type(100);\ncy.wait(1000);\ncy.get('[data-testid=\"chargeType-select\"]').click();\ncy.wait(2000);\ncy.get('#react-select-7-option-0').click();\n// cy.get('#react-select-8-option-0').click()\ncy.get('[data-testid=\"reasons[0]-select\"]').click();\ncy.wait(2000);\ncy.get('#react-select-8-option-0').click();\n//cy.get('#react-select-5-option-0').click()\ncy.get('[data-testid=\"button-next\"]').click();\ncy.wait(2000);\ncy.get('[data-testid=\"button-confirm\"]').click();\ncy.wait(1000);\ncy.get('[data-testid=\"button-ok\"]').click();\ncy.wait(1000);\ncy.get('[data-testid=\"menu-expand-transfers-payments-history\"] > .sc-AxirZ').click();\ncy.wait(1000);\ncy.get(':nth-child(1) > [data-testid=\"menu-expand-send-money\"]').click();\ncy.wait(1000);\ncy.get('[data-testid=\"menu-link-international-transfers\"] > .MenuLinkItem__StyledMenu-vlpzsx-3 > .MenuLinkItem__BoldText-vlpzsx-4').click();\ncy.wait(1000);",
              "err": {
                "message": "CypressError: `cy.visit()` failed trying to load:\n\nhttps://conv.rakbankonline.ae/IBRetailUAT/auth/\n\nWe attempted to make an http request to this URL but the request failed without a response.\n\nWe received this error at the network level:\n\n  > Error: connect ETIMEDOUT 83.111.149.6:443\n\nCommon situations why this would fail:\n  - you don't have internet access\n  - you forgot to run / boot your web server\n  - your web server isn't accessible\n  - you have weird network configuration settings on your computer",
                "estack": "CypressError: `cy.visit()` failed trying to load:\n\nhttps://conv.rakbankonline.ae/IBRetailUAT/auth/\n\nWe attempted to make an http request to this URL but the request failed without a response.\n\nWe received this error at the network level:\n\n  > Error: connect ETIMEDOUT 83.111.149.6:443\n\nCommon situations why this would fail:\n  - you don't have internet access\n  - you forgot to run / boot your web server\n  - your web server isn't accessible\n  - you have weird network configuration settings on your computer\n    at <unknown> (https://conv.rakbankonline.ae/__cypress/runner/cypress_runner.js:131916:74)\n    at visitFailedByErr (https://conv.rakbankonline.ae/__cypress/runner/cypress_runner.js:131315:12)\n    at <unknown> (https://conv.rakbankonline.ae/__cypress/runner/cypress_runner.js:131915:11)\n    at tryCatcher (https://conv.rakbankonline.ae/__cypress/runner/cypress_runner.js:1807:23)\n    at Promise._settlePromiseFromHandler (https://conv.rakbankonline.ae/__cypress/runner/cypress_runner.js:1519:31)\n    at Promise._settlePromise (https://conv.rakbankonline.ae/__cypress/runner/cypress_runner.js:1576:18)\n    at Promise._settlePromise0 (https://conv.rakbankonline.ae/__cypress/runner/cypress_runner.js:1621:10)\n    at Promise._settlePromises (https://conv.rakbankonline.ae/__cypress/runner/cypress_runner.js:1697:18)\n    at _drainQueueStep (https://conv.rakbankonline.ae/__cypress/runner/cypress_runner.js:2407:12)\n    at _drainQueue (https://conv.rakbankonline.ae/__cypress/runner/cypress_runner.js:2400:9)\n    at Async._drainQueues (https://conv.rakbankonline.ae/__cypress/runner/cypress_runner.js:2416:5)\n    at Async.drainQueues (https://conv.rakbankonline.ae/__cypress/runner/cypress_runner.js:2286:14)\nFrom Your Spec Code:\n    at Context.eval (webpack://cypress_automation_rak/./cypress/e2e/Rakbank/db.cy.js:3:7)\n\nFrom Node.js Internals:\n  Error: connect ETIMEDOUT 83.111.149.6:443\n      at TCPConnectWrap.afterConnect [as oncomplete] (node:net:1495:16)",
                "diff": null
              },
              "uuid": "a2ae2323-912c-4390-933a-b48fe8f9ca33",
              "parentUUID": "c6c8d929-050a-4cf7-83bf-6b489a65d467",
              "isHook": false,
              "skipped": false
            }
          ],
          "suites": [],
          "passes": [],
          "failures": [
            "a2ae2323-912c-4390-933a-b48fe8f9ca33"
          ],
          "pending": [],
          "skipped": [],
          "duration": 27857,
          "root": false,
          "rootEmpty": false,
          "_timeout": 2000
        },
        {
          "uuid": "ef8dd509-c0ec-424f-a5c7-0b4894932848",
          "title": "Digital banking Transfer and history",
          "fullFile": "",
          "file": "",
          "beforeHooks": [],
          "afterHooks": [],
          "tests": [
            {
              "title": "login Works",
              "fullTitle": "Digital banking Transfer and history login Works",
              "timedOut": null,
              "duration": 65435,
              "state": "passed",
              "speed": "slow",
              "pass": true,
              "fail": false,
              "pending": false,
              "context": null,
              "code": "cy.visit(\"\");\ncy.get('[data-testid=\"username-input\"]').type('nandita12');\ncy.get('[data-testid=\"password-input\"]').type('rakbank123');\ncy.get('[data-testid=\"button-login\"]').click();\ncy.wait(20000);\ncy.url().should('include', '/dashboard');",
              "err": {},
              "uuid": "799d4367-3172-4e91-8658-41d4797eb87a",
              "parentUUID": "ef8dd509-c0ec-424f-a5c7-0b4894932848",
              "isHook": false,
              "skipped": false
            }
          ],
          "suites": [],
          "passes": [
            "799d4367-3172-4e91-8658-41d4797eb87a"
          ],
          "failures": [],
          "pending": [],
          "skipped": [],
          "duration": 65435,
          "root": false,
          "rootEmpty": false,
          "_timeout": 2000
        }
      ],
      "passes": [],
      "failures": [],
      "pending": [],
      "skipped": [],
      "duration": 0,
      "root": true,
      "rootEmpty": true,
      "_timeout": 2000
    }
  ],
  "meta": {
    "mocha": {
      "version": "7.0.1"
    },
    "mochawesome": {
      "options": {
        "quiet": false,
        "reportFilename": "report",
        "saveHtml": true,
        "saveJson": true,
        "consoleReporter": "spec",
        "useInlineDiffs": false,
        "code": true
      },
      "version": "7.1.3"
    },
    "marge": {
      "options": {
        "reportDir": "cypress/reports",
        "reportFilename": "report",
        "overwrite": false,
        "html": true,
        "json": true,
        "code": true,
        "setupNodeEvents": "[Function setupNodeEvents]"
      },
      "version": "6.2.0"
    }
  }
}