{
  "stats": {
    "suites": 1,
    "tests": 1,
    "passes": 1,
    "pending": 0,
    "failures": 0,
    "start": "2024-07-29T12:38:22.910Z",
    "end": "2024-07-29T12:38:32.604Z",
    "duration": 9694,
    "testsRegistered": 1,
    "passPercent": 100,
    "pendingPercent": 0,
    "other": 0,
    "hasOther": false,
    "skipped": 0,
    "hasSkipped": false
  },
  "results": [
    {
      "uuid": "b6a08876-65c5-47da-a0db-1a376d56c530",
      "title": "",
      "fullFile": "cypress/e2e/Rakbank/register.cy.js",
      "file": "cypress/e2e/Rakbank/register.cy.js",
      "beforeHooks": [],
      "afterHooks": [],
      "tests": [],
      "suites": [
        {
          "uuid": "9acb0250-4416-4811-83f0-56850965a311",
          "title": "welcome to RakBank",
          "fullFile": "",
          "file": "",
          "beforeHooks": [],
          "afterHooks": [],
          "tests": [
            {
              "title": "test 1 to register",
              "fullTitle": "welcome to RakBank test 1 to register",
              "timedOut": null,
              "duration": 9624,
              "state": "passed",
              "speed": "medium",
              "pass": true,
              "fail": false,
              "pending": false,
              "context": null,
              "code": "",
              "err": {},
              "uuid": "16469b73-a625-4ffe-9742-127a4894effd",
              "parentUUID": "9acb0250-4416-4811-83f0-56850965a311",
              "isHook": false,
              "skipped": false
            }
          ],
          "suites": [],
          "passes": [
            "16469b73-a625-4ffe-9742-127a4894effd"
          ],
          "failures": [],
          "pending": [],
          "skipped": [],
          "duration": 9624,
          "root": false,
          "rootEmpty": false,
          "_timeout": 2000
        }
      ],
      "passes": [],
      "failures": [],
      "pending": [],
      "skipped": [],
      "duration": 0,
      "root": true,
      "rootEmpty": true,
      "_timeout": 2000
    }
  ],
  "meta": {
    "mocha": {
      "version": "7.0.1"
    },
    "mochawesome": {
      "options": {
        "quiet": false,
        "reportFilename": "report",
        "saveHtml": true,
        "saveJson": true,
        "consoleReporter": "spec",
        "useInlineDiffs": false,
        "code": false
      },
      "version": "7.1.3"
    },
    "marge": {
      "options": {
        "reportDir": "cypress/reports",
        "reportFilename": "report",
        "overwrite": true,
        "html": true,
        "json": true,
        "code": false,
        "video": true,
        "setupNodeEvents": "[Function setupNodeEvents]"
      },
      "version": "6.2.0"
    }
  }
}