{
  "stats": {
    "suites": 2,
    "tests": 2,
    "passes": 2,
    "pending": 0,
    "failures": 0,
    "start": "2024-07-30T13:21:37.186Z",
    "end": "2024-07-30T13:24:33.250Z",
    "duration": 176064,
    "testsRegistered": 2,
    "passPercent": 100,
    "pendingPercent": 0,
    "other": 0,
    "hasOther": false,
    "skipped": 0,
    "hasSkipped": false
  },
  "results": [
    {
      "uuid": "417a1a20-586d-405f-963e-b441507c02a5",
      "title": "",
      "fullFile": "cypress/e2e/Rakbank/db.cy.js",
      "file": "cypress/e2e/Rakbank/db.cy.js",
      "beforeHooks": [],
      "afterHooks": [],
      "tests": [],
      "suites": [
        {
          "uuid": "6c220b43-f1d5-40e8-9f80-a93f403d4b82",
          "title": "Outer Rak Bank Digital Banking",
          "fullFile": "",
          "file": "",
          "beforeHooks": [],
          "afterHooks": [],
          "tests": [
            {
              "title": "passes",
              "fullTitle": "Outer Rak Bank Digital Banking passes",
              "timedOut": null,
              "duration": 121916,
              "state": "passed",
              "speed": "slow",
              "pass": true,
              "fail": false,
              "pending": false,
              "context": null,
              "code": "cy.visit(\"\");\ncy.get('[data-testid=\"username-input\"]').type('nandita12');\ncy.get('[data-testid=\"password-input\"]').type('rakbank123');\ncy.get('[data-testid=\"button-login\"]').click();\ncy.wait(20000);\n//cy.console(\"Clicked\")\n//cy.get('[data-testid=\"menu-expand-send-money\"]').click()\n// cy.get('[data-testid=\"menu-item-search\"] > div').click()\ncy.get('[data-testid=\"menu-expand-send-money\"]').click();\ncy.get('[data-testid=\"menu-link-send-internationally\"]').click();\ncy.wait(1000);\ncy.get('[data-testid=\"to-select\"]').click();\ncy.wait(2000);\ncy.get('#react-select-2-option-0').click();\n//cy.get('[data-testid=\"to-select\"]').select('react-select-2-option-0');\n//cy.get('#react-select-5-option-0').click()\ncy.get('[data-testid=\"from-select\"]').click();\ncy.wait(1000);\ncy.get('#react-select-3-option-0').click();\n//cy.get('[data-testid=\"button-next\"]').click()\ncy.get('[data-testid=\"remittingCurrency-select\"]').click();\n//cy.wait(1000)\n//cy.get('#react-select-5-option-0-0').click()\n//cy.get('[data-testid=\"beneficiaryCountry-select\"]').click()\ncy.wait(1000);\ncy.get('#react-select-4-input').type('AED');\ncy.wait(1000);\ncy.get('#react-select-4-option-0').click();\ncy.get('[data-testid=\"amount-input\"]').type(100);\ncy.wait(1000);\ncy.get('[data-testid=\"chargeType-select\"]').click();\ncy.wait(2000);\ncy.get('#react-select-7-option-0').click();\n// cy.get('#react-select-8-option-0').click()\ncy.get('[data-testid=\"reasons[0]-select\"]').click();\ncy.wait(2000);\ncy.get('#react-select-8-option-0').click();\n//cy.get('#react-select-5-option-0').click()\ncy.get('[data-testid=\"button-next\"]').click();\ncy.wait(2000);\ncy.get('[data-testid=\"button-confirm\"]').click();\ncy.wait(1000);\ncy.get('[data-testid=\"button-ok\"]').click();\ncy.wait(1000);\ncy.get('[data-testid=\"menu-expand-transfers-payments-history\"] > .sc-AxirZ').click();\ncy.wait(1000);\ncy.get(':nth-child(1) > [data-testid=\"menu-expand-send-money\"]').click();\ncy.wait(1000);\ncy.get('[data-testid=\"menu-link-international-transfers\"] > .MenuLinkItem__StyledMenu-vlpzsx-3 > .MenuLinkItem__BoldText-vlpzsx-4').click();\ncy.wait(1000);",
              "err": {},
              "uuid": "71a78c58-c0b5-438a-9f54-b0be46c4d18a",
              "parentUUID": "6c220b43-f1d5-40e8-9f80-a93f403d4b82",
              "isHook": false,
              "skipped": false
            }
          ],
          "suites": [],
          "passes": [
            "71a78c58-c0b5-438a-9f54-b0be46c4d18a"
          ],
          "failures": [],
          "pending": [],
          "skipped": [],
          "duration": 121916,
          "root": false,
          "rootEmpty": false,
          "_timeout": 2000
        },
        {
          "uuid": "c941e0d8-02f3-4be8-9f19-6ec7a6510377",
          "title": "Digital banking Transfer and history",
          "fullFile": "",
          "file": "",
          "beforeHooks": [],
          "afterHooks": [],
          "tests": [
            {
              "title": "login Works",
              "fullTitle": "Digital banking Transfer and history login Works",
              "timedOut": null,
              "duration": 51240,
              "state": "passed",
              "speed": "slow",
              "pass": true,
              "fail": false,
              "pending": false,
              "context": null,
              "code": "cy.visit(\"\");\ncy.get('[data-testid=\"username-input\"]').type('nandita12');\ncy.get('[data-testid=\"password-input\"]').type('rakbank123');\ncy.get('[data-testid=\"button-login\"]').click();\ncy.wait(20000);\ncy.url().should('include', '/dashboard');",
              "err": {},
              "uuid": "4fa44099-c536-4859-805c-93e2c8b552c4",
              "parentUUID": "c941e0d8-02f3-4be8-9f19-6ec7a6510377",
              "isHook": false,
              "skipped": false
            }
          ],
          "suites": [],
          "passes": [
            "4fa44099-c536-4859-805c-93e2c8b552c4"
          ],
          "failures": [],
          "pending": [],
          "skipped": [],
          "duration": 51240,
          "root": false,
          "rootEmpty": false,
          "_timeout": 2000
        }
      ],
      "passes": [],
      "failures": [],
      "pending": [],
      "skipped": [],
      "duration": 0,
      "root": true,
      "rootEmpty": true,
      "_timeout": 2000
    }
  ],
  "meta": {
    "mocha": {
      "version": "7.0.1"
    },
    "mochawesome": {
      "options": {
        "quiet": false,
        "reportFilename": "report",
        "saveHtml": true,
        "saveJson": true,
        "consoleReporter": "spec",
        "useInlineDiffs": false,
        "code": true
      },
      "version": "7.1.3"
    },
    "marge": {
      "options": {
        "reportDir": "cypress/reports",
        "reportFilename": "report",
        "overwrite": false,
        "html": true,
        "json": true,
        "code": true,
        "setupNodeEvents": "[Function setupNodeEvents]"
      },
      "version": "6.2.0"
    }
  }
}